2020-01-20 05:57:13 [-][-][-][error][yii\db\Exception] exception 'PDOException' with message 'SQLSTATE[HY000] [1049] Unknown database 'yii2advanced'' in D:\xampp\htdocs\advanced\vendor\yiisoft\yii2\db\Connection.php:687
Stack trace:
#0 D:\xampp\htdocs\advanced\vendor\yiisoft\yii2\db\Connection.php(687): PDO->__construct('mysql:host=loca...', 'root', '', NULL)
#1 D:\xampp\htdocs\advanced\vendor\yiisoft\yii2\db\Connection.php(613): yii\db\Connection->createPdoInstance()
#2 D:\xampp\htdocs\advanced\vendor\yiisoft\yii2\db\Connection.php(996): yii\db\Connection->open()
#3 D:\xampp\htdocs\advanced\vendor\yiisoft\yii2\db\Connection.php(983): yii\db\Connection->getMasterPdo()
#4 D:\xampp\htdocs\advanced\vendor\yiisoft\yii2\db\Command.php(253): yii\db\Connection->getSlavePdo()
#5 D:\xampp\htdocs\advanced\vendor\yiisoft\yii2\db\Command.php(1153): yii\db\Command->prepare(true)
#6 D:\xampp\htdocs\advanced\vendor\yiisoft\yii2\db\Command.php(399): yii\db\Command->queryInternal('fetchAll', NULL)
#7 D:\xampp\htdocs\advanced\vendor\yiisoft\yii2\db\mysql\Schema.php(319): yii\db\Command->queryAll()
#8 D:\xampp\htdocs\advanced\vendor\yiisoft\yii2\db\mysql\Schema.php(125): yii\db\mysql\Schema->findColumns(Object(yii\db\TableSchema))
#9 D:\xampp\htdocs\advanced\vendor\yiisoft\yii2\db\Schema.php(744): yii\db\mysql\Schema->loadTableSchema('migration')
#10 D:\xampp\htdocs\advanced\vendor\yiisoft\yii2\db\Schema.php(194): yii\db\Schema->getTableMetadata('{{%migration}}', 'schema', true)
#11 D:\xampp\htdocs\advanced\vendor\yiisoft\yii2\console\controllers\MigrateController.php(210): yii\db\Schema->getTableSchema('{{%migration}}', true)
#12 D:\xampp\htdocs\advanced\vendor\yiisoft\yii2\console\controllers\BaseMigrateController.php(875): yii\console\controllers\MigrateController->getMigrationHistory(NULL)
#13 D:\xampp\htdocs\advanced\vendor\yiisoft\yii2\console\controllers\BaseMigrateController.php(166): yii\console\controllers\BaseMigrateController->getNewMigrations()
#14 [internal function]: yii\console\controllers\BaseMigrateController->actionUp(0)
#15 D:\xampp\htdocs\advanced\vendor\yiisoft\yii2\base\InlineAction.php(57): call_user_func_array(Array, Array)
#16 D:\xampp\htdocs\advanced\vendor\yiisoft\yii2\base\Controller.php(157): yii\base\InlineAction->runWithParams(Array)
#17 D:\xampp\htdocs\advanced\vendor\yiisoft\yii2\console\Controller.php(148): yii\base\Controller->runAction('', Array)
#18 D:\xampp\htdocs\advanced\vendor\yiisoft\yii2\base\Module.php(528): yii\console\Controller->runAction('', Array)
#19 D:\xampp\htdocs\advanced\vendor\yiisoft\yii2\console\Application.php(180): yii\base\Module->runAction('migrate', Array)
#20 D:\xampp\htdocs\advanced\vendor\yiisoft\yii2\console\Application.php(147): yii\console\Application->runAction('migrate', Array)
#21 D:\xampp\htdocs\advanced\vendor\yiisoft\yii2\base\Application.php(386): yii\console\Application->handleRequest(Object(yii\console\Request))
#22 D:\xampp\htdocs\advanced\yii(23): yii\base\Application->run()
#23 {main}

Next exception 'yii\db\Exception' with message 'SQLSTATE[HY000] [1049] Unknown database 'yii2advanced'' in D:\xampp\htdocs\advanced\vendor\yiisoft\yii2\db\Connection.php:624
Stack trace:
#0 D:\xampp\htdocs\advanced\vendor\yiisoft\yii2\db\Connection.php(996): yii\db\Connection->open()
#1 D:\xampp\htdocs\advanced\vendor\yiisoft\yii2\db\Connection.php(983): yii\db\Connection->getMasterPdo()
#2 D:\xampp\htdocs\advanced\vendor\yiisoft\yii2\db\Command.php(253): yii\db\Connection->getSlavePdo()
#3 D:\xampp\htdocs\advanced\vendor\yiisoft\yii2\db\Command.php(1153): yii\db\Command->prepare(true)
#4 D:\xampp\htdocs\advanced\vendor\yiisoft\yii2\db\Command.php(399): yii\db\Command->queryInternal('fetchAll', NULL)
#5 D:\xampp\htdocs\advanced\vendor\yiisoft\yii2\db\mysql\Schema.php(319): yii\db\Command->queryAll()
#6 D:\xampp\htdocs\advanced\vendor\yiisoft\yii2\db\mysql\Schema.php(125): yii\db\mysql\Schema->findColumns(Object(yii\db\TableSchema))
#7 D:\xampp\htdocs\advanced\vendor\yiisoft\yii2\db\Schema.php(744): yii\db\mysql\Schema->loadTableSchema('migration')
#8 D:\xampp\htdocs\advanced\vendor\yiisoft\yii2\db\Schema.php(194): yii\db\Schema->getTableMetadata('{{%migration}}', 'schema', true)
#9 D:\xampp\htdocs\advanced\vendor\yiisoft\yii2\console\controllers\MigrateController.php(210): yii\db\Schema->getTableSchema('{{%migration}}', true)
#10 D:\xampp\htdocs\advanced\vendor\yiisoft\yii2\console\controllers\BaseMigrateController.php(875): yii\console\controllers\MigrateController->getMigrationHistory(NULL)
#11 D:\xampp\htdocs\advanced\vendor\yiisoft\yii2\console\controllers\BaseMigrateController.php(166): yii\console\controllers\BaseMigrateController->getNewMigrations()
#12 [internal function]: yii\console\controllers\BaseMigrateController->actionUp(0)
#13 D:\xampp\htdocs\advanced\vendor\yiisoft\yii2\base\InlineAction.php(57): call_user_func_array(Array, Array)
#14 D:\xampp\htdocs\advanced\vendor\yiisoft\yii2\base\Controller.php(157): yii\base\InlineAction->runWithParams(Array)
#15 D:\xampp\htdocs\advanced\vendor\yiisoft\yii2\console\Controller.php(148): yii\base\Controller->runAction('', Array)
#16 D:\xampp\htdocs\advanced\vendor\yiisoft\yii2\base\Module.php(528): yii\console\Controller->runAction('', Array)
#17 D:\xampp\htdocs\advanced\vendor\yiisoft\yii2\console\Application.php(180): yii\base\Module->runAction('migrate', Array)
#18 D:\xampp\htdocs\advanced\vendor\yiisoft\yii2\console\Application.php(147): yii\console\Application->runAction('migrate', Array)
#19 D:\xampp\htdocs\advanced\vendor\yiisoft\yii2\base\Application.php(386): yii\console\Application->handleRequest(Object(yii\console\Request))
#20 D:\xampp\htdocs\advanced\yii(23): yii\base\Application->run()
#21 {main}
Additional Information:

2020-01-20 05:57:10 [-][-][-][info][application] $_GET = []

$_POST = []

$_FILES = []

$_COOKIE = []

$_SERVER = [
    'ALLUSERSPROFILE' => 'C:\\ProgramData'
    'APPDATA' => 'C:\\Users\\STRIKER\\AppData\\Roaming'
    'CommonProgramFiles' => 'C:\\Program Files (x86)\\Common Files'
    'CommonProgramFiles(x86)' => 'C:\\Program Files (x86)\\Common Files'
    'CommonProgramW6432' => 'C:\\Program Files\\Common Files'
    'COMPUTERNAME' => 'DESKTOP-20CDM5S'
    'ComSpec' => 'C:\\Windows\\system32\\cmd.exe'
    'easyplussdk' => '\"C:\\Program Files (x86)\\Common Files\\lenovo\\easyplussdk\\bin\"'
    'FPS_BROWSER_APP_PROFILE_STRING' => 'Internet Explorer'
    'FPS_BROWSER_USER_PROFILE_STRING' => 'Default'
    'HOMEDRIVE' => 'C:'
    'HOMEPATH' => '\\Users\\STRIKER'
    'JAVA_HOME' => 'C:\\Program Files\\Java\\jdk1.8.0_112'
    'LOCALAPPDATA' => 'C:\\Users\\STRIKER\\AppData\\Local'
    'LOGONSERVER' => '\\\\DESKTOP-20CDM5S'
    'NUMBER_OF_PROCESSORS' => '2'
    'OS' => 'Windows_NT'
    'Path' => 'C:\\ProgramData\\Oracle\\Java\\javapath;C:\\Windows\\system32;C:\\Windows;C:\\Windows\\System32\\Wbem;C:\\Windows\\System32\\WindowsPowerShell\\v1.0\\;D:\\xampp\\php\\;D:\\Program Files\\Git\\bin;C:\\Program Files (x86)\\Common Files\\lenovo\\easyplussdk\\bin;d:\\composer;C:\\Users\\STRIKER\\AppData\\Local\\Microsoft\\WindowsApps;'
    'PATHEXT' => '.COM;.EXE;.BAT;.CMD;.VBS;.VBE;.JS;.JSE;.WSF;.WSH;.MSC'
    'PROCESSOR_ARCHITECTURE' => 'x86'
    'PROCESSOR_ARCHITEW6432' => 'AMD64'
    'PROCESSOR_IDENTIFIER' => 'Intel64 Family 6 Model 55 Stepping 8, GenuineIntel'
    'PROCESSOR_LEVEL' => '6'
    'PROCESSOR_REVISION' => '3708'
    'ProgramData' => 'C:\\ProgramData'
    'ProgramFiles' => 'C:\\Program Files (x86)'
    'ProgramFiles(x86)' => 'C:\\Program Files (x86)'
    'ProgramW6432' => 'C:\\Program Files'
    'PROMPT' => '$P$G'
    'PSModulePath' => 'C:\\Program Files\\WindowsPowerShell\\Modules;C:\\Windows\\system32\\WindowsPowerShell\\v1.0\\Modules'
    'PUBLIC' => 'C:\\Users\\Public'
    'SESSIONNAME' => 'Console'
    'SystemDrive' => 'C:'
    'SystemRoot' => 'C:\\Windows'
    'TEMP' => 'C:\\Users\\STRIKER\\AppData\\Local\\Temp'
    'TMP' => 'C:\\Users\\STRIKER\\AppData\\Local\\Temp'
    'USERDOMAIN' => 'DESKTOP-20CDM5S'
    'USERDOMAIN_ROAMINGPROFILE' => 'DESKTOP-20CDM5S'
    'USERNAME' => 'STRIKER'
    'USERPROFILE' => 'C:\\Users\\STRIKER'
    'windir' => 'C:\\Windows'
    'PHP_SELF' => 'yii'
    'SCRIPT_NAME' => 'yii'
    'SCRIPT_FILENAME' => 'yii'
    'PATH_TRANSLATED' => 'yii'
    'DOCUMENT_ROOT' => ''
    'REQUEST_TIME_FLOAT' => 1579496229.2433
    'REQUEST_TIME' => 1579496229
    'argv' => [
        0 => 'yii'
        1 => 'migrate'
    ]
    'argc' => 2
]
